{"name": "test_create_user", "status": "failed", "statusDetails": {"message": "AssertionError: assert 422 == 201\n +  where 422 = <Response [422]>.status_code", "trace": "api_client = <core.api_client.APIClient object at 0x0000014F396D2850>\n\n    def test_create_user(api_client):\n        payload = {\n            \"name\": \"Dina QA\",\n            \"gender\": \"female\",\n            \"email\": \"dina.qa.automation@example.com\",\n            \"status\": \"active\"\n        }\n    \n        response = api_client.post(\"/users\", payload)\n    \n>       assert response.status_code == 201\nE       assert 422 == 201\nE        +  where 422 = <Response [422]>.status_code\n\ntests\\api\\test_users_api.py:21: AssertionError"}, "start": 1770794721162, "stop": 1770794721963, "uuid": "488b5a32-1c69-4a3d-ae21-93048ae78a47", "historyId": "6ff55cf1b83aa04210a6c42b7faf9113", "testCaseId": "6ff55cf1b83aa04210a6c42b7faf9113", "fullName": "tests.api.test_users_api#test_create_user", "labels": [{"name": "parentSuite", "value": "tests.api"}, {"name": "suite", "value": "test_users_api"}, {"name": "host", "value": "DESKTOP-UH6KLLT"}, {"name": "thread", "value": "17544-MainThread"}, {"name": "framework", "value": "pytest"}, {"name": "language", "value": "cpython3"}, {"name": "package", "value": "tests.api.test_users_api"}], "titlePath": ["tests", "api", "test_users_api.py"]}